2019-10-14 10:51:55,749 -E:\gin\Git\work\generator\tool\operateMysqlClass.py[line:51] -WARNING:connect mysql successful!!
2019-10-14 10:51:55,789 -E:\gin\Git\work\generator\tool\operateMysqlClass.py[line:69] -WARNING:step:1001&&requestDate--2019年正确日期T插入成功
2019-10-14 10:51:55,791 -E:\gin\Git\work\generator\tool\operateMysqlClass.py[line:69] -WARNING:step:1002&&requestDate--错误月13月F插入成功
2019-10-14 10:51:55,793 -E:\gin\Git\work\generator\tool\operateMysqlClass.py[line:69] -WARNING:step:1003&&requestDate--错误日12月32日F插入成功
2019-10-14 10:51:55,795 -E:\gin\Git\work\generator\tool\operateMysqlClass.py[line:69] -WARNING:step:1004&&requestDate--错误时25时F插入成功
2019-10-14 10:51:55,798 -E:\gin\Git\work\generator\tool\operateMysqlClass.py[line:69] -WARNING:step:1005&&requestDate--错误分60分F插入成功
2019-10-14 10:51:55,802 -E:\gin\Git\work\generator\tool\operateMysqlClass.py[line:69] -WARNING:step:1006&&requestDate--错误秒60秒F插入成功
2019-10-14 10:51:55,804 -E:\gin\Git\work\generator\tool\operateMysqlClass.py[line:69] -WARNING:step:1007&&requestDate--不存在的2月29日F插入成功
2019-10-14 10:51:55,806 -E:\gin\Git\work\generator\tool\operateMysqlClass.py[line:69] -WARNING:step:1008&&requestDate--秒有小数F插入成功
2019-10-14 10:51:55,809 -E:\gin\Git\work\generator\tool\operateMysqlClass.py[line:69] -WARNING:step:1009&&requestDate--正确日期时间前后有空格F插入成功
2019-10-14 10:51:55,812 -E:\gin\Git\work\generator\tool\operateMysqlClass.py[line:69] -WARNING:step:1010&&requestDate--正确日期与时间之间多个空格F插入成功
2019-10-14 10:51:55,814 -E:\gin\Git\work\generator\tool\operateMysqlClass.py[line:69] -WARNING:step:1011&&requestDate--年份前多一个0F插入成功
2019-10-14 10:51:55,816 -E:\gin\Git\work\generator\tool\operateMysqlClass.py[line:69] -WARNING:step:1012&&requestDate--日期为10位的小写字母F插入成功
2019-10-14 10:51:55,819 -E:\gin\Git\work\generator\tool\operateMysqlClass.py[line:69] -WARNING:step:1013&&requestDate--日期为10位的大写字母F插入成功
2019-10-14 10:51:55,822 -E:\gin\Git\work\generator\tool\operateMysqlClass.py[line:69] -WARNING:step:1014&&requestDate--日期为10位的小写字母、数字F插入成功
2019-10-14 10:51:55,825 -E:\gin\Git\work\generator\tool\operateMysqlClass.py[line:69] -WARNING:step:1015&&requestDate--日期为10位大写字母、数字F插入成功
2019-10-14 10:51:55,827 -E:\gin\Git\work\generator\tool\operateMysqlClass.py[line:69] -WARNING:step:1016&&requestDate--日期为10位全角数字F插入成功
2019-10-14 10:51:55,830 -E:\gin\Git\work\generator\tool\operateMysqlClass.py[line:69] -WARNING:step:1017&&requestDate--日期为10位的汉字F插入成功
2019-10-14 10:51:55,832 -E:\gin\Git\work\generator\tool\operateMysqlClass.py[line:69] -WARNING:step:1018&&requestDate--日期为10位的繁体字F插入成功
2019-10-14 10:51:55,835 -E:\gin\Git\work\generator\tool\operateMysqlClass.py[line:69] -WARNING:step:1019&&requestDate--日期为10位的难体字F插入成功
2019-10-14 10:51:55,839 -E:\gin\Git\work\generator\tool\operateMysqlClass.py[line:69] -WARNING:step:1020&&requestDate--日期为10位的特殊符号F插入成功
2019-10-14 10:51:55,844 -E:\gin\Git\work\generator\tool\operateMysqlClass.py[line:69] -WARNING:step:1021&&requestDate--日期为空值F插入成功
2019-10-14 10:51:55,847 -E:\gin\Git\work\generator\tool\operateMysqlClass.py[line:69] -WARNING:step:1022&&requestDate--日期为null值F插入成功
2019-10-14 10:51:55,849 -E:\gin\Git\work\generator\tool\operateMysqlClass.py[line:69] -WARNING:step:1023&&requestDate--sql注入F插入成功
2019-10-14 10:51:55,850 -E:\gin\Git\work\generator\tool\operateMysqlClass.py[line:58] -WARNING:mysql closed!!
2019-10-14 11:01:16,578 -E:\gin\Git\work\generator\tool\operateMysqlClass.py[line:51] -WARNING:connect mysql successful!!
2019-10-14 11:01:16,584 -E:\gin\Git\work\generator\tool\operateMysqlClass.py[line:69] -WARNING:step:1001&&requestDate--2019年正确日期T插入成功
2019-10-14 11:01:16,587 -E:\gin\Git\work\generator\tool\operateMysqlClass.py[line:69] -WARNING:step:1002&&requestDate--错误月13月F插入成功
2019-10-14 11:01:16,590 -E:\gin\Git\work\generator\tool\operateMysqlClass.py[line:69] -WARNING:step:1003&&requestDate--错误日12月32日F插入成功
2019-10-14 11:01:16,592 -E:\gin\Git\work\generator\tool\operateMysqlClass.py[line:69] -WARNING:step:1004&&requestDate--错误时25时F插入成功
2019-10-14 11:01:16,594 -E:\gin\Git\work\generator\tool\operateMysqlClass.py[line:69] -WARNING:step:1005&&requestDate--错误分60分F插入成功
2019-10-14 11:01:16,595 -E:\gin\Git\work\generator\tool\operateMysqlClass.py[line:69] -WARNING:step:1006&&requestDate--错误秒60秒F插入成功
2019-10-14 11:01:16,597 -E:\gin\Git\work\generator\tool\operateMysqlClass.py[line:69] -WARNING:step:1007&&requestDate--不存在的2月29日F插入成功
2019-10-14 11:01:16,599 -E:\gin\Git\work\generator\tool\operateMysqlClass.py[line:69] -WARNING:step:1008&&requestDate--正确日期时间前后有空格F插入成功
2019-10-14 11:01:16,601 -E:\gin\Git\work\generator\tool\operateMysqlClass.py[line:69] -WARNING:step:1009&&requestDate--正确日期与时间之间多个空格F插入成功
2019-10-14 11:01:16,605 -E:\gin\Git\work\generator\tool\operateMysqlClass.py[line:69] -WARNING:step:1010&&requestDate--年份前多一个0F插入成功
2019-10-14 11:01:16,608 -E:\gin\Git\work\generator\tool\operateMysqlClass.py[line:69] -WARNING:step:1011&&requestDate--日期为10位的小写字母F插入成功
2019-10-14 11:01:16,610 -E:\gin\Git\work\generator\tool\operateMysqlClass.py[line:69] -WARNING:step:1012&&requestDate--日期为10位的大写字母F插入成功
2019-10-14 11:01:16,613 -E:\gin\Git\work\generator\tool\operateMysqlClass.py[line:69] -WARNING:step:1013&&requestDate--日期为10位的小写字母、数字F插入成功
2019-10-14 11:01:16,616 -E:\gin\Git\work\generator\tool\operateMysqlClass.py[line:69] -WARNING:step:1014&&requestDate--日期为10位大写字母、数字F插入成功
2019-10-14 11:01:16,619 -E:\gin\Git\work\generator\tool\operateMysqlClass.py[line:69] -WARNING:step:1015&&requestDate--日期为10位全角数字F插入成功
2019-10-14 11:01:16,621 -E:\gin\Git\work\generator\tool\operateMysqlClass.py[line:69] -WARNING:step:1016&&requestDate--日期为10位的汉字F插入成功
2019-10-14 11:01:16,624 -E:\gin\Git\work\generator\tool\operateMysqlClass.py[line:69] -WARNING:step:1017&&requestDate--日期为10位的繁体字F插入成功
2019-10-14 11:01:16,626 -E:\gin\Git\work\generator\tool\operateMysqlClass.py[line:69] -WARNING:step:1018&&requestDate--日期为10位的难体字F插入成功
2019-10-14 11:01:16,628 -E:\gin\Git\work\generator\tool\operateMysqlClass.py[line:69] -WARNING:step:1019&&requestDate--日期为10位的特殊符号F插入成功
2019-10-14 11:01:16,631 -E:\gin\Git\work\generator\tool\operateMysqlClass.py[line:69] -WARNING:step:1020&&requestDate--日期为空值F插入成功
2019-10-14 11:01:16,634 -E:\gin\Git\work\generator\tool\operateMysqlClass.py[line:69] -WARNING:step:1021&&requestDate--日期为null值F插入成功
2019-10-14 11:01:16,636 -E:\gin\Git\work\generator\tool\operateMysqlClass.py[line:69] -WARNING:step:1022&&requestDate--sql注入F插入成功
2019-10-14 11:01:16,637 -E:\gin\Git\work\generator\tool\operateMysqlClass.py[line:58] -WARNING:mysql closed!!
